3       646158956
4       345736039
7       643456781
8       645564136
9       602675068
10      344601083
11      559935336
14       85424165
15      643901149
22      501977703
23      556435264
24      526394935
25      640435960
26      525306319
27      345714879
28      346379319
29      346601220
30      349476999
31      349441208
34      523300383
35      521572543
37      520556928
48      645827877
49      646025220
50      646152873
54      646027123
55      646024988
56      641160025
60      645226264
61      645660994
62      645692967
64      639742444
65      641555469
66      645636642
67      645574312
68      645550181
69      645559772
70      645792996
71      645883522
73      646077294
76      646123430
80      645735972
81      646036903
84      646170378
85      645869332
86      640829194
91      645829884
92      645973302
94      640894099
95      641730068
98      642231925
104     639986548
105     645973555
110     646020089
114     645372061
115     644985390
118     644133409
127     646104151
140     646086550
141     646102507
142     645909688
148     645480438
149     645481982
154     645539260
188     645658081
189     645710685
226     646381566
253     645117265
254     645716378
285     646313795
295     645621454
299     646025059
395     645356006
527     640050083
559     641515692
616     644793029
1089    643630671
1170    643581849
1189    644713420
2028    6420191215       277449146
20      264394656
32      335269398
82      645509842
90      644960591
97      643351986
99      644242992
100     644655255
101     644664683
139     646187362
236     643203432
237     644227151
249     645724172
268     645668720
309     646108705
392     644943071
469     639991021
521     641307893
1760    6443538890       573435640
33      287661650
329     643030230
619     643841853
803     639789389
833     638839284
2505    643369092
2601    644005850
2646    643231463732     639637954
1883    641692388
1888    642889765
1985    643437122
2529    643646597
2530    641869837
2639    644203619